<?xml version="1.0" encoding="UTF-8"?>
<testng-results skipped="0" failed="1" total="1" passed="0">
  <reporter-output>
  </reporter-output>
  <suite name="Default suite" duration-ms="31" started-at="2015-03-06T15:59:27Z" finished-at="2015-03-06T15:59:27Z">
    <groups>
    </groups>
    <test name="Default test" duration-ms="31" started-at="2015-03-06T15:59:27Z" finished-at="2015-03-06T15:59:27Z">
      <class name="mobile.test.CharminMobileIphone">
        <test-method status="FAIL" signature="main([Ljava.lang.String;)[pri:0, instance:mobile.test.CharminMobileIphone@e5ddccb]" name="main" duration-ms="18" started-at="2015-03-06T10:59:27Z" finished-at="2015-03-06T10:59:27Z">
          <params>
            <param index="0">
              <value>
                <![CDATA[]]>
              </value>
            </param>
          </params>
          <exception class="java.lang.IllegalArgumentException">
            <message>
              <![CDATA[argument type mismatch]]>
            </message>
            <full-stacktrace>
              <![CDATA[java.lang.IllegalArgumentException: argument type mismatch
	at sun.reflect.NativeMethodAccessorImpl.invoke0(Native Method)
	at java.lang.reflect.Method.invoke(Method.java:606)
]]>
            </full-stacktrace>
          </exception> <!-- java.lang.IllegalArgumentException -->
          <reporter-output>
          </reporter-output>
        </test-method> <!-- main -->
      </class> <!-- mobile.test.CharminMobileIphone -->
    </test> <!-- Default test -->
  </suite> <!-- Default suite -->
</testng-results>
