<?xml version="1.0" encoding="UTF-8"?>
<!-- Generated by org.testng.reporters.JUnitXMLReporter -->
<testsuite hostname="usnycpww4300" name="Default test" tests="1" failures="1" timestamp="16 Apr 2015 15:23:53 GMT" time="4.398" errors="0">
  <testcase name="testGoogle" time="4.383" classname="mobile.test.OneTest">
    <failure type="org.openqa.selenium.WebDriverException" message="java.lang.Double cannot be cast to java.lang.Long
Command duration or timeout: 758 milliseconds
Build info: version: &amp;apos;2.37.0&amp;apos;, revision: &amp;apos;a7c61cbd68657e133ae96672cf995890bad2ee42&amp;apos;, time: &amp;apos;2013-10-18 09:51:02&amp;apos;
System info: host: &amp;apos;usnycpww4300&amp;apos;, ip: &amp;apos;10.6.6.142&amp;apos;, os.name: &amp;apos;Mac OS X&amp;apos;, os.arch: &amp;apos;x86_64&amp;apos;, os.version: &amp;apos;10.9.5&amp;apos;, java.version: &amp;apos;1.7.0_51&amp;apos;
Session ID: cc67d18c-f412-4297-ab4a-7232ab2843b3
Driver info: org.openqa.selenium.android.AndroidDriver
Capabilities [{platform=ANDROID, acceptSslCerts=true, javascriptEnabled=true, handlesAlerts=true, browserName=android, browserConnectionEnabled=true, webStorageEnabled=true, hasTouchScreen=true, rotatable=true, locationContextEnabled=true, applicationCacheEnabled=true, webdriver.remote.sessionid=cc67d18c-f412-4297-ab4a-7232ab2843b3, takesScreenshot=true, version=19}]">
      <![CDATA[org.openqa.selenium.WebDriverException: java.lang.Double cannot be cast to java.lang.Long
Command duration or timeout: 758 milliseconds
Build info: version: '2.37.0', revision: 'a7c61cbd68657e133ae96672cf995890bad2ee42', time: '2013-10-18 09:51:02'
System info: host: 'usnycpww4300', ip: '10.6.6.142', os.name: 'Mac OS X', os.arch: 'x86_64', os.version: '10.9.5', java.version: '1.7.0_51'
Session ID: cc67d18c-f412-4297-ab4a-7232ab2843b3
Driver info: org.openqa.selenium.android.AndroidDriver
Capabilities [{platform=ANDROID, acceptSslCerts=true, javascriptEnabled=true, handlesAlerts=true, browserName=android, browserConnectionEnabled=true, webStorageEnabled=true, hasTouchScreen=true, rotatable=true, locationContextEnabled=true, applicationCacheEnabled=true, webdriver.remote.sessionid=cc67d18c-f412-4297-ab4a-7232ab2843b3, takesScreenshot=true, version=19}]
	at sun.reflect.NativeConstructorAccessorImpl.newInstance0(Native Method)
	at java.lang.reflect.Constructor.newInstance(Constructor.java:526)
	at org.openqa.selenium.remote.ErrorHandler.createThrowable(ErrorHandler.java:193)
	at org.openqa.selenium.remote.ErrorHandler.throwIfResponseFailed(ErrorHandler.java:145)
	at org.openqa.selenium.remote.RemoteWebDriver.execute(RemoteWebDriver.java:554)
	at org.openqa.selenium.remote.RemoteWebElement.execute(RemoteWebElement.java:268)
	at org.openqa.selenium.remote.RemoteWebElement.click(RemoteWebElement.java:79)
	at mobile.test.OneTest.testGoogle(OneTest.java:31)
	at sun.reflect.NativeMethodAccessorImpl.invoke0(Native Method)
	at java.lang.reflect.Method.invoke(Method.java:606)
Caused by: java.lang.ClassCastException: java.lang.Double cannot be cast to java.lang.Long
	at sun.reflect.NativeConstructorAccessorImpl.newInstance0(Native Method)
	at java.lang.reflect.Constructor.newInstance(Constructor.java:526)
	at org.openqa.selenium.remote.ErrorHandler.createThrowable(ErrorHandler.java:193)
	at org.openqa.selenium.remote.ErrorHandler.rebuildServerError(ErrorHandler.java:227)
	at org.openqa.selenium.remote.ErrorHandler.throwIfResponseFailed(ErrorHandler.java:107)
	... 6 more
]]>
    </failure>
  </testcase> <!-- testGoogle -->
</testsuite> <!-- Default test -->
